<?xml version="1.0" encoding="UTF-8"?>
<testng-results ignored="0" total="1" passed="1" failed="0" skipped="0">
  <reporter-output>
  </reporter-output>
  <suite started-at="2023-05-02T17:19:27 EEST" name="Default suite" finished-at="2023-05-02T17:19:40 EEST" duration-ms="12422">
    <groups>
    </groups>
    <test started-at="2023-05-02T17:19:27 EEST" name="Default test" finished-at="2023-05-02T17:19:40 EEST" duration-ms="12422">
      <class name="MyTestCases">
        <test-method is-config="true" signature="myBeforeTest()[pri:0, instance:MyTestCases@37afeb11]" started-at="2023-05-02T17:19:27 EEST" name="myBeforeTest" finished-at="2023-05-02T17:19:27 EEST" duration-ms="13" status="PASS">
          <reporter-output>
          </reporter-output>
        </test-method> <!-- myBeforeTest -->
        <test-method signature="Open_the_application()[pri:0, instance:MyTestCases@37afeb11]" started-at="2023-05-02T17:19:27 EEST" name="Open_the_application" description="&quot;multiply 9*8&quot;" finished-at="2023-05-02T17:19:40 EEST" duration-ms="12374" status="PASS">
          <reporter-output>
          </reporter-output>
        </test-method> <!-- Open_the_application -->
      </class> <!-- MyTestCases -->
    </test> <!-- Default test -->
  </suite> <!-- Default suite -->
</testng-results>
